<?xml version="1.0" encoding="utf-8"?><testsuites name="pytest tests"><testsuite name="pytest" errors="0" failures="0" skipped="0" tests="22" time="1.881" timestamp="2026-02-05T01:58:45.247966+00:00" hostname="agent-env-61803c10-cdda-4cf5-a7c6-0b857674888a"><testcase classname="backend.tests.test_power_platform.TestAuthentication" name="test_login_success" time="0.345" /><testcase classname="backend.tests.test_power_platform.TestPowerPlatformProgram" name="test_get_program" time="0.306" /><testcase classname="backend.tests.test_power_platform.TestPowerPlatformProgram" name="test_get_kpis" time="0.044" /><testcase classname="backend.tests.test_power_platform.TestPowerPlatformWorkshops" name="test_get_workshops_list" time="0.050" /><testcase classname="backend.tests.test_power_platform.TestPowerPlatformWorkshops" name="test_get_workshop_detail" time="0.039" /><testcase classname="backend.tests.test_power_platform.TestPowerPlatformWorkshops" name="test_get_workshop_not_found" time="0.041" /><testcase classname="backend.tests.test_power_platform.TestPowerPlatformWorkshops" name="test_update_workshop_status" time="0.112" /><testcase classname="backend.tests.test_power_platform.TestPowerPlatformWorkshops" name="test_update_workshop_completion_criteria" time="0.122" /><testcase classname="backend.tests.test_power_platform.TestPowerPlatformItems" name="test_get_items_list" time="0.044" /><testcase classname="backend.tests.test_power_platform.TestPowerPlatformItems" name="test_get_items_filtered_by_workshop" time="0.034" /><testcase classname="backend.tests.test_power_platform.TestPowerPlatformItems" name="test_get_item_detail" time="0.037" /><testcase classname="backend.tests.test_power_platform.TestPowerPlatformItems" name="test_update_item" time="0.072" /><testcase classname="backend.tests.test_power_platform.TestPowerPlatformActions" name="test_get_actions_list" time="0.075" /><testcase classname="backend.tests.test_power_platform.TestPowerPlatformActions" name="test_create_action" time="0.073" /><testcase classname="backend.tests.test_power_platform.TestPowerPlatformActions" name="test_update_action" time="0.034" /><testcase classname="backend.tests.test_power_platform.TestPowerPlatformActions" name="test_delete_action" time="0.073" /><testcase classname="backend.tests.test_power_platform.TestPowerPlatformDecisions" name="test_get_decisions_list" time="0.038" /><testcase classname="backend.tests.test_power_platform.TestPowerPlatformDecisions" name="test_create_decision" time="0.074" /><testcase classname="backend.tests.test_power_platform.TestPowerPlatformDecisions" name="test_delete_decision" time="0.073" /><testcase classname="backend.tests.test_power_platform.TestPowerPlatformDefinitions" name="test_get_workshop_definitions" time="0.033" /><testcase classname="backend.tests.test_power_platform.TestPowerPlatformDefinitions" name="test_get_item_definitions" time="0.033" /><testcase classname="backend.tests.test_power_platform.TestPowerPlatformDefinitions" name="test_get_item_definitions_filtered" time="0.037" /></testsuite></testsuites>