<?xml version="1.0" encoding="utf-8"?><testsuites name="pytest tests"><testsuite name="pytest" errors="0" failures="5" skipped="3" tests="22" time="1.618" timestamp="2026-02-05T01:57:28.857098+00:00" hostname="agent-env-61803c10-cdda-4cf5-a7c6-0b857674888a"><testcase classname="backend.tests.test_power_platform.TestAuthentication" name="test_login_success" time="0.315"><failure message="AssertionError: No user in response&#10;assert 'user' in {'access_token': 'eyJhbGciOiJIUzI1NiIsInR5cCI6IkpXVCJ9.eyJzdWIiOiJ1c2VyLTAwMSIsImVtYWlsIjoiZGVtb0BiaXpkZXNrMzY1LmxvY2FsIiwidGVuYW50X2lkIjoiMTExMTExMTEtMTExMS0xMTExLTExMTEtMTExMTExMTExMTExIiwicm9sZXMiOlsiYWRtaW4iLCJ1c2VyIl0sImV4cCI6MTc3MDI4NTQ0OSwiaWF0IjoxNzcwMjU2NjQ5LCJpc3MiOiJiaXpkZXNrMzY1In0.kE0uVCjqXtMACCx-HHDlhjDN90ccowF3iafb_tah_7Y', 'token_type': 'bearer'}">backend/tests/test_power_platform.py:28: in test_login_success
    assert "user" in data, "No user in response"
E   AssertionError: No user in response
E   assert 'user' in {'access_token': 'eyJhbGciOiJIUzI1NiIsInR5cCI6IkpXVCJ9.eyJzdWIiOiJ1c2VyLTAwMSIsImVtYWlsIjoiZGVtb0BiaXpkZXNrMzY1LmxvY2FsIiwidGVuYW50X2lkIjoiMTExMTExMTEtMTExMS0xMTExLTExMTEtMTExMTExMTExMTExIiwicm9sZXMiOlsiYWRtaW4iLCJ1c2VyIl0sImV4cCI6MTc3MDI4NTQ0OSwiaWF0IjoxNzcwMjU2NjQ5LCJpc3MiOiJiaXpkZXNrMzY1In0.kE0uVCjqXtMACCx-HHDlhjDN90ccowF3iafb_tah_7Y', 'token_type': 'bearer'}</failure></testcase><testcase classname="backend.tests.test_power_platform.TestPowerPlatformProgram" name="test_get_program" time="0.309" /><testcase classname="backend.tests.test_power_platform.TestPowerPlatformProgram" name="test_get_kpis" time="0.039" /><testcase classname="backend.tests.test_power_platform.TestPowerPlatformWorkshops" name="test_get_workshops_list" time="0.047" /><testcase classname="backend.tests.test_power_platform.TestPowerPlatformWorkshops" name="test_get_workshop_detail" time="0.038" /><testcase classname="backend.tests.test_power_platform.TestPowerPlatformWorkshops" name="test_get_workshop_not_found" time="0.041" /><testcase classname="backend.tests.test_power_platform.TestPowerPlatformWorkshops" name="test_update_workshop_status" time="0.119" /><testcase classname="backend.tests.test_power_platform.TestPowerPlatformWorkshops" name="test_update_workshop_completion_criteria" time="0.113" /><testcase classname="backend.tests.test_power_platform.TestPowerPlatformItems" name="test_get_items_list" time="0.049" /><testcase classname="backend.tests.test_power_platform.TestPowerPlatformItems" name="test_get_items_filtered_by_workshop" time="0.033" /><testcase classname="backend.tests.test_power_platform.TestPowerPlatformItems" name="test_get_item_detail" time="0.036"><failure message="AssertionError: Failed: {&quot;detail&quot;:&quot;Item non trouvé&quot;}&#10;assert 404 == 200&#10; +  where 404 = &lt;Response [404]&gt;.status_code">backend/tests/test_power_platform.py:185: in test_get_item_detail
    assert response.status_code == 200, f"Failed: {response.text}"
E   AssertionError: Failed: {"detail":"Item non trouvé"}
E   assert 404 == 200
E    +  where 404 = &lt;Response [404]&gt;.status_code</failure></testcase><testcase classname="backend.tests.test_power_platform.TestPowerPlatformItems" name="test_update_item" time="0.037"><failure message="TypeError: 'NoneType' object is not subscriptable">backend/tests/test_power_platform.py:204: in test_update_item
    assert data["status"] == "in_progress"
           ^^^^^^^^^^^^^^
E   TypeError: 'NoneType' object is not subscriptable</failure></testcase><testcase classname="backend.tests.test_power_platform.TestPowerPlatformActions" name="test_get_actions_list" time="0.040" /><testcase classname="backend.tests.test_power_platform.TestPowerPlatformActions" name="test_create_action" time="0.045"><failure message="AssertionError: Failed: Internal Server Error&#10;assert 520 == 200&#10; +  where 520 = &lt;Response [520]&gt;.status_code">backend/tests/test_power_platform.py:239: in test_create_action
    assert response.status_code == 200, f"Failed: {response.text}"
E   AssertionError: Failed: Internal Server Error
E   assert 520 == 200
E    +  where 520 = &lt;Response [520]&gt;.status_code</failure></testcase><testcase classname="backend.tests.test_power_platform.TestPowerPlatformActions" name="test_update_action" time="0.000"><skipped type="pytest.skip" message="No action created to update">/app/backend/tests/test_power_platform.py:258: No action created to update</skipped></testcase><testcase classname="backend.tests.test_power_platform.TestPowerPlatformActions" name="test_delete_action" time="0.000"><skipped type="pytest.skip" message="No action created to delete">/app/backend/tests/test_power_platform.py:279: No action created to delete</skipped></testcase><testcase classname="backend.tests.test_power_platform.TestPowerPlatformDecisions" name="test_get_decisions_list" time="0.035" /><testcase classname="backend.tests.test_power_platform.TestPowerPlatformDecisions" name="test_create_decision" time="0.044"><failure message="AssertionError: Failed: Internal Server Error&#10;assert 520 == 200&#10; +  where 520 = &lt;Response [520]&gt;.status_code">backend/tests/test_power_platform.py:318: in test_create_decision
    assert response.status_code == 200, f"Failed: {response.text}"
E   AssertionError: Failed: Internal Server Error
E   assert 520 == 200
E    +  where 520 = &lt;Response [520]&gt;.status_code</failure></testcase><testcase classname="backend.tests.test_power_platform.TestPowerPlatformDecisions" name="test_delete_decision" time="0.000"><skipped type="pytest.skip" message="No decision created to delete">/app/backend/tests/test_power_platform.py:337: No decision created to delete</skipped></testcase><testcase classname="backend.tests.test_power_platform.TestPowerPlatformDefinitions" name="test_get_workshop_definitions" time="0.032" /><testcase classname="backend.tests.test_power_platform.TestPowerPlatformDefinitions" name="test_get_item_definitions" time="0.035" /><testcase classname="backend.tests.test_power_platform.TestPowerPlatformDefinitions" name="test_get_item_definitions_filtered" time="0.033" /></testsuite></testsuites>