<analysis>An analysis of the user's request, the AI agent's actions, and the current state of the Bizdesk365 project has been performed. The following summary provides the necessary context for the next agent to continue the work.

**original_problem_statement:**
The user wants to build Bizdesk365, a secure multi-tenant web portal for governance dashboards (Compliance ISO, Enterprise Brain).

**PRODUCT REQUIREMENTS:**
- **Initial Goal (V1):** A clickable web app with React+TypeScript+MUI frontend, FastAPI backend, PostgreSQL database, and Keycloak authentication, all running in Docker. The architecture must be modular to support paid add-ons.
- **Tenant Model:** Multi-tenancy identified by a  in a JWT.
- **Initial Modules:** Compliance ISO, Enterprise Brain, AI Governance, Settings, and a stub for Power Platform Governance.
- **User Modifications during V1 build:** The user agreed to simplify the stack for the MVP to use **MongoDB** instead of PostgreSQL and a **simple JWT authentication** instead of Keycloak. The UI should be in French.
- **Current Goal (V2 Feature):** The user has now provided a very detailed specification to fully implement the Gouvernance Power Platform module, which was previously a stub. This includes:
    - A comprehensive data model for workshops, items, actions, decisions, and evidence.
    - Business logic for status transitions and KPI calculations.
    - Specific UI pages: a main dashboard with a timeline, workshop details, action plans, decision logs, and evidence management.
    - RBAC requirements for different user roles within the module.
    - A large CSV file with definitions for workshops and items to be seeded into the database.

**User's preferred language**:
French. The user has been communicating in French. The next agent MUST respond in French.

**what currently exists?**
- A V1 of the Bizdesk365 application has been built and is partially functional.
- The project structure deviates from the original plan. Instead of creating files in  and , the agent has modified the base template in  and .
- **Backend:** A single FastAPI file () contains all the application logic. It uses MongoDB and a simple JWT authentication system. Endpoints for the initial modules (Compliance, Enterprise Brain, AI Gov, Settings) are implemented and were tested.
- **Frontend:** A React application in  with pages for Login, a main Dashboard, and pages for each of the V1 modules. The UI uses Shadcn/Tailwind components and is styled according to the initial design guidelines.

**Last working item**:
- **Last item agent was working:** The agent was in the middle of implementing the Gouvernance Power Platform module as a major new feature. This involved significant changes to both the backend and frontend. The implementation is currently broken.
- **Status:** IN PROGRESS
- **Agent Testing Done:** N
- **Which testing method agent to use?** both. The backend has a runtime API error, and the frontend has a compilation error. Both need to be fixed and tested.
- **User Testing Done:** N

**All Pending/In progress Issue list**:
- **Issue 1: Frontend Compilation Failure (P0)**
- **Issue 2: Backend API Endpoint Failure (P1)**

**Issues Detail:**
- **Issue 1:**
    - **Description:** The frontend fails to compile after adding the new pages for the Power Platform module. The build process throws a  from . This blocks any and all frontend work.
    - **Attempted fixes:** The agent tried to overwrite  and  with simplified code, but the error persists, indicating the problem might be more complex or located in other files.
    - **Next debug checklist:**
        1. Examine the newly created frontend files for complex JSX, recursive component rendering, or circular dependencies:
            - 
            - 
            - 
            - 
        2. Review  to check how the new routes are integrated.
        3. Since  is used, check for a  file and its babel configuration. The issue might be related to how it processes modern JavaScript syntax (like optional chaining ) used in the new components.
    - **Why fix this issue and what will be achieved with the fix?** Fixing this will unblock all frontend development and allow the agent to build and test the UI for the new module.
    - **Status:** IN PROGRESS
    - **Is recurring issue?** N
    - **Should Test frontend/backend/both after fix?** Frontend
    - **Blocked on other issue:** No

- **Issue 2:**
    - **Description:** While testing the new backend endpoints, the agent's  command for  failed with a . This indicates the endpoint is not returning a valid JSON response. Other new endpoints (, ) seemed to work.
    - **Attempted fixes:** None. The agent moved on to debugging the frontend.
    - **Next debug checklist:**
        1. Check the backend logs for errors related to this request: ==> /var/log/supervisor/backend.err.log <==
INFO:     Waiting for application shutdown.
INFO:     Application shutdown complete.
INFO:     Finished server process [3136]
INFO:     Started server process [3255]
INFO:     Waiting for application startup.
2026-02-05 01:42:29,135 - server - INFO - Database already seeded
INFO:     Application startup complete.
INFO:     Shutting down
INFO:     Waiting for application shutdown.
INFO:     Application shutdown complete.
INFO:     Finished server process [3255]
INFO:     Stopping reloader process [1059]
INFO:     Will watch for changes in these directories: ['/app/backend']
INFO:     Uvicorn running on http://0.0.0.0:8001 (Press CTRL+C to quit)
INFO:     Started reloader process [3426] using WatchFiles
INFO:     Started server process [3428]
INFO:     Waiting for application startup.
2026-02-05 01:46:01,761 - server - INFO - Database already seeded
INFO:     Application startup complete.
2026-02-05 01:46:30,602 - passlib.handlers.bcrypt - WARNING - (trapped) error reading bcrypt version
Traceback (most recent call last):
  File "/root/.venv/lib/python3.11/site-packages/passlib/handlers/bcrypt.py", line 620, in _load_backend_mixin
    version = _bcrypt.__about__.__version__
              ^^^^^^^^^^^^^^^^^
AttributeError: module 'bcrypt' has no attribute '__about__'
2026-02-05 01:46:31,025 - server - INFO - Created new program for tenant 11111111-1111-1111-1111-111111111111
ERROR:    Exception in ASGI application
Traceback (most recent call last):
  File "/root/.venv/lib/python3.11/site-packages/fastapi/encoders.py", line 322, in jsonable_encoder
    data = dict(obj)
           ^^^^^^^^^
TypeError: 'ObjectId' object is not iterable

During handling of the above exception, another exception occurred:

Traceback (most recent call last):
  File "/root/.venv/lib/python3.11/site-packages/fastapi/encoders.py", line 327, in jsonable_encoder
    data = vars(obj)
           ^^^^^^^^^
TypeError: vars() argument must have __dict__ attribute

The above exception was the direct cause of the following exception:

Traceback (most recent call last):
  File "/root/.venv/lib/python3.11/site-packages/uvicorn/protocols/http/h11_impl.py", line 408, in run_asgi
    result = await app(  # type: ignore[func-returns-value]
             ^^^^^^^^^^^^^^^^^^^^^^^^^^^^^^^^^^^^^^^^^^^^^^
  File "/root/.venv/lib/python3.11/site-packages/uvicorn/middleware/proxy_headers.py", line 84, in __call__
    return await self.app(scope, receive, send)
           ^^^^^^^^^^^^^^^^^^^^^^^^^^^^^^^^^^^^
  File "/root/.venv/lib/python3.11/site-packages/fastapi/applications.py", line 1054, in __call__
    await super().__call__(scope, receive, send)
  File "/root/.venv/lib/python3.11/site-packages/starlette/applications.py", line 123, in __call__
    await self.middleware_stack(scope, receive, send)
  File "/root/.venv/lib/python3.11/site-packages/starlette/middleware/errors.py", line 186, in __call__
    raise exc
  File "/root/.venv/lib/python3.11/site-packages/starlette/middleware/errors.py", line 164, in __call__
    await self.app(scope, receive, _send)
  File "/root/.venv/lib/python3.11/site-packages/starlette/middleware/cors.py", line 85, in __call__
    await self.app(scope, receive, send)
  File "/root/.venv/lib/python3.11/site-packages/starlette/middleware/exceptions.py", line 65, in __call__
    await wrap_app_handling_exceptions(self.app, conn)(scope, receive, send)
  File "/root/.venv/lib/python3.11/site-packages/starlette/_exception_handler.py", line 64, in wrapped_app
    raise exc
  File "/root/.venv/lib/python3.11/site-packages/starlette/_exception_handler.py", line 53, in wrapped_app
    await app(scope, receive, sender)
  File "/root/.venv/lib/python3.11/site-packages/starlette/routing.py", line 756, in __call__
    await self.middleware_stack(scope, receive, send)
  File "/root/.venv/lib/python3.11/site-packages/starlette/routing.py", line 776, in app
    await route.handle(scope, receive, send)
  File "/root/.venv/lib/python3.11/site-packages/starlette/routing.py", line 297, in handle
    await self.app(scope, receive, send)
  File "/root/.venv/lib/python3.11/site-packages/starlette/routing.py", line 77, in app
    await wrap_app_handling_exceptions(app, request)(scope, receive, send)
  File "/root/.venv/lib/python3.11/site-packages/starlette/_exception_handler.py", line 64, in wrapped_app
    raise exc
  File "/root/.venv/lib/python3.11/site-packages/starlette/_exception_handler.py", line 53, in wrapped_app
    await app(scope, receive, sender)
  File "/root/.venv/lib/python3.11/site-packages/starlette/routing.py", line 72, in app
    response = await func(request)
               ^^^^^^^^^^^^^^^^^^^
  File "/root/.venv/lib/python3.11/site-packages/fastapi/routing.py", line 296, in app
    content = await serialize_response(
              ^^^^^^^^^^^^^^^^^^^^^^^^^
  File "/root/.venv/lib/python3.11/site-packages/fastapi/routing.py", line 180, in serialize_response
    return jsonable_encoder(response_content)
           ^^^^^^^^^^^^^^^^^^^^^^^^^^^^^^^^^^
  File "/root/.venv/lib/python3.11/site-packages/fastapi/encoders.py", line 287, in jsonable_encoder
    encoded_value = jsonable_encoder(
                    ^^^^^^^^^^^^^^^^^
  File "/root/.venv/lib/python3.11/site-packages/fastapi/encoders.py", line 330, in jsonable_encoder
    raise ValueError(errors) from e
ValueError: [TypeError("'ObjectId' object is not iterable"), TypeError('vars() argument must have __dict__ attribute')]
INFO:     Will watch for changes in these directories: ['/app/backend']
INFO:     Uvicorn running on http://0.0.0.0:8001 (Press CTRL+C to quit)
INFO:     Started reloader process [48] using WatchFiles
INFO:     Started server process [86]
INFO:     Waiting for application startup.
2026-02-05 01:52:24,061 - server - INFO - Database already seeded
INFO:     Application startup complete.

==> /var/log/supervisor/backend.out.log <==
INFO:     10.64.131.7:36098 - "GET /api/modules HTTP/1.1" 200 OK
INFO:     10.64.131.6:48854 - "GET /api/modules HTTP/1.1" 200 OK
INFO:     10.64.134.75:58508 - "GET /api/health HTTP/1.1" 200 OK
INFO:     10.64.131.207:35240 - "POST /api/auth/login HTTP/1.1" 200 OK
INFO:     10.64.131.207:35240 - "GET /api/me HTTP/1.1" 200 OK
INFO:     10.64.130.144:60078 - "GET /api/modules HTTP/1.1" 200 OK
INFO:     10.64.131.6:35860 - "GET /api/compliance/kpis/latest HTTP/1.1" 200 OK
INFO:     10.64.134.75:58508 - "GET /api/compliance/maturity HTTP/1.1" 200 OK
INFO:     10.64.134.75:58508 - "GET /api/enterprise-brain/quality HTTP/1.1" 200 OK
INFO:     10.64.134.75:58508 - "GET /api/enterprise-brain/documents HTTP/1.1" 200 OK
INFO:     10.64.134.110:47196 - "GET /api/ai/usage/document/doc-001 HTTP/1.1" 200 OK
INFO:     10.64.130.144:60078 - "GET /api/governance/ai/summary HTTP/1.1" 200 OK
INFO:     10.64.134.88:37904 - "GET /api/settings/iso HTTP/1.1" 200 OK
INFO:     10.64.130.144:60078 - "PUT /api/settings/iso HTTP/1.1" 200 OK
INFO:     10.64.131.6:35860 - "GET /api/settings/ai-policy HTTP/1.1" 200 OK
INFO:     10.64.130.143:37702 - "PUT /api/settings/ai-policy HTTP/1.1" 200 OK
INFO:     10.64.131.10:50874 - "GET /api/power-platform/health HTTP/1.1" 200 OK
INFO:     10.64.130.144:44838 - "POST /api/auth/login HTTP/1.1" 200 OK
INFO:     10.64.131.8:46656 - "GET /api/me HTTP/1.1" 200 OK
INFO:     10.64.131.7:54384 - "GET /api/modules HTTP/1.1" 200 OK
INFO:     10.64.131.9:36788 - "GET /api/governance/ai/summary HTTP/1.1" 200 OK
INFO:     10.64.131.10:45658 - "GET /api/enterprise-brain/quality HTTP/1.1" 200 OK
INFO:     10.64.131.6:41628 - "GET /api/compliance/maturity HTTP/1.1" 200 OK
INFO:     10.64.131.6:41628 - "GET /api/governance/ai/summary HTTP/1.1" 200 OK
INFO:     10.64.131.7:54384 - "GET /api/enterprise-brain/quality HTTP/1.1" 200 OK
INFO:     10.64.131.6:41640 - "GET /api/compliance/maturity HTTP/1.1" 200 OK
INFO:     10.64.131.9:36788 - "GET /api/compliance/kpis/latest HTTP/1.1" 200 OK
INFO:     10.64.131.10:45658 - "GET /api/compliance/maturity HTTP/1.1" 200 OK
INFO:     10.64.131.7:54384 - "GET /api/compliance/maturity HTTP/1.1" 200 OK
INFO:     10.64.131.202:52356 - "GET /api/compliance/kpis/latest HTTP/1.1" 200 OK
INFO:     10.64.131.8:46656 - "GET /api/enterprise-brain/quality HTTP/1.1" 200 OK
INFO:     10.64.131.9:36788 - "GET /api/enterprise-brain/documents HTTP/1.1" 200 OK
INFO:     10.64.130.144:44838 - "GET /api/enterprise-brain/quality HTTP/1.1" 200 OK
INFO:     10.64.131.8:46656 - "GET /api/enterprise-brain/documents HTTP/1.1" 200 OK
INFO:     10.64.131.7:54384 - "GET /api/ai/usage/document/doc-002 HTTP/1.1" 200 OK
INFO:     10.64.131.6:41628 - "GET /api/ai/usage/document/doc-001 HTTP/1.1" 200 OK
INFO:     10.64.131.207:45358 - "GET /api/ai/usage/document/doc-004 HTTP/1.1" 200 OK
INFO:     10.64.131.9:36788 - "GET /api/ai/usage/document/doc-003 HTTP/1.1" 200 OK
INFO:     10.64.131.8:46656 - "GET /api/ai/usage/document/doc-002 HTTP/1.1" 200 OK
INFO:     10.64.132.212:58472 - "GET /api/ai/usage/document/doc-001 HTTP/1.1" 200 OK
INFO:     10.64.130.143:55088 - "GET /api/ai/usage/document/doc-004 HTTP/1.1" 200 OK
INFO:     10.64.131.9:36788 - "GET /api/ai/usage/document/doc-003 HTTP/1.1" 200 OK
INFO:     10.64.131.9:36788 - "GET /api/governance/ai/summary HTTP/1.1" 200 OK
INFO:     10.64.131.6:41628 - "GET /api/governance/ai/summary HTTP/1.1" 200 OK
INFO:     10.64.130.144:44838 - "GET /api/settings/ai-policy HTTP/1.1" 200 OK
INFO:     10.64.131.202:35834 - "GET /api/settings/iso HTTP/1.1" 200 OK
INFO:     10.64.131.10:55830 - "GET /api/settings/iso HTTP/1.1" 200 OK
INFO:     10.64.131.7:54384 - "GET /api/settings/ai-policy HTTP/1.1" 200 OK
INFO:     10.64.131.9:48732 - "POST /api/auth/login HTTP/1.1" 200 OK
INFO:     10.64.131.207:42602 - "GET /api/me HTTP/1.1" 200 OK
INFO:     10.64.131.6:35700 - "GET /api/modules HTTP/1.1" 200 OK
INFO:     10.64.131.8:46716 - "GET /api/compliance/maturity HTTP/1.1" 200 OK
INFO:     10.64.130.144:54254 - "GET /api/governance/ai/summary HTTP/1.1" 200 OK
INFO:     10.64.131.7:53538 - "GET /api/enterprise-brain/quality HTTP/1.1" 200 OK
INFO:     10.64.131.8:46716 - "GET /api/compliance/maturity HTTP/1.1" 200 OK
INFO:     10.64.131.10:39264 - "GET /api/enterprise-brain/quality HTTP/1.1" 200 OK
INFO:     10.64.131.9:48732 - "GET /api/governance/ai/summary HTTP/1.1" 200 OK
INFO:     10.64.131.7:54150 - "POST /api/auth/login HTTP/1.1" 200 OK
INFO:     10.64.132.212:57260 - "GET /api/me HTTP/1.1" 200 OK
INFO:     10.64.131.8:51456 - "GET /api/compliance/maturity HTTP/1.1" 200 OK
INFO:     10.64.130.143:56292 - "GET /api/enterprise-brain/quality HTTP/1.1" 200 OK
INFO:     10.64.131.10:54464 - "GET /api/governance/ai/summary HTTP/1.1" 200 OK
INFO:     10.64.130.144:57138 - "GET /api/compliance/maturity HTTP/1.1" 200 OK
INFO:     10.64.131.202:44934 - "GET /api/governance/ai/summary HTTP/1.1" 200 OK
INFO:     10.64.131.207:48488 - "GET /api/enterprise-brain/quality HTTP/1.1" 200 OK
INFO:     10.64.131.10:54464 - "GET /api/modules HTTP/1.1" 200 OK
INFO:     10.64.132.212:60096 - "GET /api/compliance/kpis/latest HTTP/1.1" 200 OK
INFO:     10.64.131.8:39576 - "GET /api/compliance/maturity HTTP/1.1" 200 OK
INFO:     10.64.132.212:60096 - "GET /api/compliance/kpis/latest HTTP/1.1" 200 OK
INFO:     10.64.131.8:39576 - "GET /api/compliance/maturity HTTP/1.1" 200 OK
INFO:     10.64.131.9:48856 - "GET /api/enterprise-brain/documents HTTP/1.1" 200 OK
INFO:     10.64.131.207:43168 - "GET /api/enterprise-brain/quality HTTP/1.1" 200 OK
INFO:     10.64.131.207:43168 - "GET /api/enterprise-brain/quality HTTP/1.1" 200 OK
INFO:     10.64.131.202:56712 - "GET /api/enterprise-brain/documents HTTP/1.1" 200 OK
INFO:     10.64.131.202:56712 - "GET /api/ai/usage/document/doc-001 HTTP/1.1" 200 OK
INFO:     10.64.132.212:35504 - "GET /api/ai/usage/document/doc-002 HTTP/1.1" 200 OK
INFO:     10.64.131.207:43168 - "GET /api/ai/usage/document/doc-003 HTTP/1.1" 200 OK
INFO:     10.64.130.143:51588 - "GET /api/ai/usage/document/doc-004 HTTP/1.1" 200 OK
INFO:     10.64.130.143:51588 - "GET /api/ai/usage/document/doc-002 HTTP/1.1" 200 OK
INFO:     10.64.130.144:54258 - "GET /api/ai/usage/document/doc-004 HTTP/1.1" 200 OK
INFO:     10.64.132.212:35504 - "GET /api/ai/usage/document/doc-001 HTTP/1.1" 200 OK
INFO:     10.64.132.212:35504 - "GET /api/ai/usage/document/doc-003 HTTP/1.1" 200 OK
INFO:     10.64.131.7:40478 - "GET /api/governance/ai/summary HTTP/1.1" 200 OK
INFO:     10.64.131.6:46714 - "GET /api/governance/ai/summary HTTP/1.1" 200 OK
INFO:     10.64.131.6:51676 - "GET /api/settings/ai-policy HTTP/1.1" 200 OK
INFO:     10.64.132.212:46036 - "GET /api/settings/iso HTTP/1.1" 200 OK
INFO:     10.64.131.7:43398 - "GET /api/settings/ai-policy HTTP/1.1" 200 OK
INFO:     10.64.131.9:50610 - "GET /api/settings/iso HTTP/1.1" 200 OK
INFO:     10.64.131.207:47606 - "GET /api/governance/ai/summary HTTP/1.1" 200 OK
INFO:     10.64.131.202:41460 - "GET /api/enterprise-brain/quality HTTP/1.1" 200 OK
INFO:     10.64.131.202:41450 - "GET /api/compliance/maturity HTTP/1.1" 200 OK
INFO:     10.64.131.207:47606 - "GET /api/compliance/maturity HTTP/1.1" 200 OK
INFO:     10.64.132.212:59306 - "GET /api/enterprise-brain/quality HTTP/1.1" 200 OK
INFO:     10.64.131.10:33002 - "GET /api/governance/ai/summary HTTP/1.1" 200 OK
INFO:     10.64.131.202:58116 - "POST /api/auth/login HTTP/1.1" 200 OK
INFO:     10.64.131.8:33082 - "GET /api/power-platform/program HTTP/1.1" 500 Internal Server Error
INFO:     10.64.134.75:44376 - "POST /api/auth/login HTTP/1.1" 200 OK
INFO:     10.64.131.207:51606 - "GET /api/power-platform/kpis HTTP/1.1" 200 OK
INFO:     10.64.128.138:45358 - "POST /api/auth/login HTTP/1.1" 200 OK
INFO:     10.64.130.143:45904 - "GET /api/power-platform/workshops HTTP/1.1" 200 OK.
        2. Inspect the implementation of the  endpoint in .
        3. The logic attempts to find a program for the tenant and create one if it doesn't exist. The error likely lies within this find or create block. It might be returning an empty response, an HTML error page, or raising an unhandled exception before returning JSON.
        4. Manually test the endpoint with  to see the raw output.
    - **Why fix this issue and what will be achieved with the fix?** This is the entry point for the new module's data. Fixing it is critical for the module to function.
    - **Status:** IN PROGRESS
    - **Is recurring issue?** N
    - **Should Test frontend/backend/both after fix?** Backend
    - **Blocked on other issue:** No

**In progress Task List**:
- **Task 1: Complete Gouvernance Power Platform Module (P0)**
    - **Where to resume:** Resume by first fixing the blocking issues (Issue 1 and Issue 2). After that, continue the implementation based on the user's detailed specification.
        1. **Backend:**
            - Finalize all CRUD endpoints for actions, decisions, and evidence.
            - Implement the business logic for automatic status updates (e.g., workshop completion).
            - Implement the KPI calculation functions.
            - Ensure the database seeding from the provided CSV data is correctly handled. A  was created but its integration is unclear.
        2. **Frontend:**
            - Create the remaining pages: Evidence/Artefacts log.
            - Build the required components: ProgressBar, Checklist, ItemDrawer/Modal.
            - Implement the logic to fetch data and display it in the timeline, KPI cards, and tables.
            - Implement the forms and API calls for updating items, actions, decisions, etc.
    - **What will be achieved with this?** The application will have a major new functional module as requested by the user.
    - **Status:** IN PROGRESS
    - **Should Test frontend/backend/both after fix?** Both
    - **Blocked on something:** Issue 1 (Frontend Compilation) and Issue 2 (Backend API).

**Upcoming and Future Tasks**
- **Upcoming Tasks:**
    - **Task 1 (P1):** Create dedicated test files for the new Power Platform module to ensure its stability and prevent regressions.
- **Future Tasks:**
    - **Task 1 (P2):** Refactor the project structure to match the original user request (). This would improve maintainability but requires careful migration of files and path updates in all configuration files (Docker, Vite, etc.).
    - **Task 2 (P3):** Upgrade authentication from simple JWT to a full Keycloak OIDC implementation. This was in the original problem statement but was deferred.
    - **Task 3 (P3):** Migrate the database from MongoDB to PostgreSQL, as per the original problem statement.

**Completed work in this session**
- **Recently completed:**
    - **Bizdesk365 V1 MVP (DONE):**
        - Backend server with FastAPI and MongoDB.
        - Simple JWT-based authentication.
        - Endpoints for modules: Compliance, Enterprise Brain, AI Governance, Settings.
        - React frontend with pages for the above modules.
        - UI built with Shadcn/Tailwind components.
        - Basic documentation files created (, Jekyll config).

**Earlier issues found/mentioned but not fixed**
- **Issue 1:** Project structure deviation. The agent did not follow the requested  directory structure and instead built upon the base  and  folders. This was not corrected and is listed under Future Tasks.

**Known issue recurrence from previous fork**
- None.

**Code Architecture**


**Key Technical Concepts**
- **Backend:** FastAPI, MongoDB (using  async driver), Pydantic Models, JWT Authentication.
- **Frontend:** React, React Router, Axios, Tailwind CSS, Shadcn/UI.
- **Architecture:** Single-file monolith backend (), modular frontend (pages per module).

**key DB schema**
The application uses MongoDB. The collections are implicitly defined by the Pydantic models in . The new models for the Power Platform module suggest the following collections:
- : {id, tenant_id, name, status, ...}
- : {id, program_id, workshop_number, status, ...}
- : {id, program_id, item_id, status, owner, notes, ...}
- : {id, program_id, title, status, owner, ...}
- : {id, program_id, decision_text, decided_by, ...}
- : {id, program_id, type, title, url, ...}
- : (seeded data)
- : (seeded data)

**All files of reference**
- : Overwritten to include all backend logic for the new Power Platform module. **This is the main file to debug for the backend issue.**
- : Overwritten to add the new routes for the Power Platform module.
- : Newly created page for the module dashboard.
- : Newly created page, likely a cause of the frontend build error.
- : Newly created page.
- : Newly created page, likely a cause of the frontend build error.
- : New script to populate the initial definitions for the module.

**Critical Info for New Agent**
- **Priority:** The immediate priority is to fix the blocking bugs: the frontend compilation error and the backend API error. Without these fixes, no progress can be made on the new module.
- **Deviation:** Be aware that the project structure is NOT what was specified in the original problem statement. All work is being done in the root  and  folders. Do not try to fix this until the current feature is complete and functional.
- **User Spec:** The user provided a very long and detailed specification for the Gouvernance Power Platform module. Refer to user message in Chat Message 91 for all details on data models, UI, and business logic.

**documents and test reports created in this job**
- : Test report from the V1 completion.
- : Product Requirements Document created after V1.

**Last 10 User Messages and any pending HUMAN messages**
1.  The user requested the full implementation of the Gouvernance Power Platform module, providing an extremely detailed specification covering data models, UI/UX, business rules, API endpoints, and seed data. This is the current active task.

**Project Health Check:**
- **Broken:** The new Power Platform Governance module is broken.
  - The frontend does not compile.
  - A key backend endpoint () is failing.
- **Mocked:**
  - Authentication is a simple JWT implementation, not the originally requested Keycloak.
  - Most data is from seed files; real data interaction and calculations are partially implemented.

**3rd Party Integrations**
- None. The project uses a standard FastAPI/React/MongoDB stack without external service integrations.

**Testing status**
- **Testing agent used after significant changes:** YES, for the initial V1 completion. NO for the new in-progress module.
- **Troubleshoot agent used after agent stuck in loop:** NO
- **Test files created:** None yet.
- **Known regressions:** The entire frontend build is regressed and will not compile.

**Credentials to test flow:**
Login credentials are hardcoded in the backend for the simple JWT auth:
- **email:** 
- **password:** 

**What agent forgot to execute**
- The agent did not follow the file structure requested in the original problem statement.
- The agent created a  file but it is not clear if it was ever executed or how it is integrated into the application startup to seed the database. This will need to be verified and implemented.</analysis>
